<?xml version="1.0" encoding="UTF-8"?>
<!-- Generated by org.testng.reporters.JUnitReportReporter -->
<testsuite hostname="NOI-5ZHVR72" name="com.flipkart.testcases.BaseClass" tests="1" failures="0" timestamp="18 Jul 2019 06:10:14 GMT" time="0.009" errors="0">
  <testcase name="test1" time="0.009" classname="com.flipkart.testcases.BaseClass"/>
</testsuite> <!-- com.flipkart.testcases.BaseClass -->
