<?xml version="1.0" encoding="UTF-8"?>
<!-- Generated by org.testng.reporters.JUnitReportReporter -->
<testsuite hostname="NOI-5ZHVR72" name="com.flipkart.testcases.Test1" tests="1" failures="0" timestamp="22 Apr 2019 17:17:49 GMT" time="0.015" errors="0">
  <testcase name="test12" time="0.015" classname="com.flipkart.testcases.Test1"/>
</testsuite> <!-- com.flipkart.testcases.Test1 -->
