<?xml version="1.0" encoding="UTF-8"?>
<!-- Generated by org.testng.reporters.JUnitReportReporter -->
<testsuite hostname="NOI-5ZHVR72" name="com.flipkart.testcases.Test1" tests="1" failures="0" timestamp="18 Jul 2019 06:08:51 GMT" time="0.009" errors="0">
  <testcase name="test12" time="0.009" classname="com.flipkart.testcases.Test1"/>
</testsuite> <!-- com.flipkart.testcases.Test1 -->
