<?xml version="1.0" encoding="UTF-8"?>
<!-- Generated by org.testng.reporters.JUnitReportReporter -->
<testsuite hostname="NOI-5ZHVR72" name="com.flipkart.testcases.TC002" tests="1" failures="0" timestamp="12 Jul 2019 12:45:22 GMT" time="0.097" errors="0">
  <testcase name="testcase1" time="0.097" classname="com.flipkart.testcases.TC002"/>
</testsuite> <!-- com.flipkart.testcases.TC002 -->
